2020-05-20 20:30:44,674 [Worker-5: Loading available Gradle versions] INFO  o.e.b.c.i.u.g.PublishedGradleVersions - Gradle version information cache is up-to-date. Trying to read.
2020-05-20 20:32:55,307 [Worker-11: Updating Maven Dependencies] INFO  o.e.m.c.i.l.LifecycleMappingFactory - Using org.maven.ide.eclipse.wtp.WarLifecycleMapping lifecycle mapping for MavenProject: com.HealthCare:HealthCare:0.0.1-SNAPSHOT @ C:\Users\cheythi\Desktop\Test of practical test\HealthCare\pom.xml.
2020-05-20 20:33:15,308 [Worker-11: Building] WARN  o.e.m.c.i.embedder.EclipseLogger - Using platform encoding (Cp1252 actually) to copy filtered resources, i.e. build is platform dependent!
2020-05-20 20:33:15,310 [Worker-11: Building] INFO  o.e.m.c.i.embedder.EclipseLogger - skip non existing resourceDirectory C:\Users\cheythi\Desktop\Test of practical test\HealthCare\src\main\resources
2020-05-20 20:33:15,314 [Worker-11: Building] WARN  o.e.m.c.i.embedder.EclipseLogger - Using platform encoding (Cp1252 actually) to copy filtered resources, i.e. build is platform dependent!
2020-05-20 20:33:15,315 [Worker-11: Building] INFO  o.e.m.c.i.embedder.EclipseLogger - skip non existing resourceDirectory C:\Users\cheythi\Desktop\Test of practical test\HealthCare\src\test\resources
2020-05-20 20:33:37,658 [Worker-6: Building] WARN  o.e.m.c.i.embedder.EclipseLogger - Using platform encoding (Cp1252 actually) to copy filtered resources, i.e. build is platform dependent!
2020-05-20 20:33:37,660 [Worker-6: Building] INFO  o.e.m.c.i.embedder.EclipseLogger - skip non existing resourceDirectory C:\Users\cheythi\Desktop\Test of practical test\HealthCare\src\main\resources
2020-05-20 20:33:37,661 [Worker-6: Building] WARN  o.e.m.c.i.embedder.EclipseLogger - Using platform encoding (Cp1252 actually) to copy filtered resources, i.e. build is platform dependent!
2020-05-20 20:33:37,662 [Worker-6: Building] INFO  o.e.m.c.i.embedder.EclipseLogger - skip non existing resourceDirectory C:\Users\cheythi\Desktop\Test of practical test\HealthCare\src\test\resources
2020-05-20 20:37:58,415 [Worker-4: Launching Executing install in C__Users_cheythi_Desktop_Test of practical test_HealthCare] INFO  o.e.m.i.launch.MavenLaunchDelegate - C:\Users\cheythi\Desktop\Test of practical test\HealthCare
2020-05-20 20:37:58,421 [Worker-4: Launching Executing install in C__Users_cheythi_Desktop_Test of practical test_HealthCare] INFO  o.e.m.i.launch.MavenLaunchDelegate -  mvn -B install
2020-05-20 20:38:00,483 [Worker-18: Building] WARN  o.e.m.c.i.embedder.EclipseLogger - Using platform encoding (Cp1252 actually) to copy filtered resources, i.e. build is platform dependent!
2020-05-20 20:38:00,483 [Worker-18: Building] INFO  o.e.m.c.i.embedder.EclipseLogger - skip non existing resourceDirectory C:\Users\cheythi\Desktop\Test of practical test\HealthCare\src\main\resources
2020-05-20 20:38:00,484 [Worker-18: Building] WARN  o.e.m.c.i.embedder.EclipseLogger - Using platform encoding (Cp1252 actually) to copy filtered resources, i.e. build is platform dependent!
2020-05-20 20:38:00,485 [Worker-18: Building] INFO  o.e.m.c.i.embedder.EclipseLogger - skip non existing resourceDirectory C:\Users\cheythi\Desktop\Test of practical test\HealthCare\src\test\resources
2020-05-20 20:38:07,388 [Worker-4: Launching Executing install in C__Users_cheythi_Desktop_Test of practical test_HealthCare] INFO  o.e.m.i.launch.MavenLaunchDelegate - C:\Users\cheythi\Desktop\Test of practical test\HealthCare
2020-05-20 20:38:07,388 [Worker-4: Launching Executing install in C__Users_cheythi_Desktop_Test of practical test_HealthCare] INFO  o.e.m.i.launch.MavenLaunchDelegate -  mvn -B install
2020-05-20 20:38:10,394 [Worker-11: Building] WARN  o.e.m.c.i.embedder.EclipseLogger - Using platform encoding (Cp1252 actually) to copy filtered resources, i.e. build is platform dependent!
2020-05-20 20:38:10,395 [Worker-11: Building] INFO  o.e.m.c.i.embedder.EclipseLogger - skip non existing resourceDirectory C:\Users\cheythi\Desktop\Test of practical test\HealthCare\src\main\resources
2020-05-20 20:38:10,396 [Worker-11: Building] WARN  o.e.m.c.i.embedder.EclipseLogger - Using platform encoding (Cp1252 actually) to copy filtered resources, i.e. build is platform dependent!
2020-05-20 20:38:10,398 [Worker-11: Building] INFO  o.e.m.c.i.embedder.EclipseLogger - skip non existing resourceDirectory C:\Users\cheythi\Desktop\Test of practical test\HealthCare\src\test\resources
2020-05-20 20:40:27,737 [Worker-0: Loading available Gradle versions] INFO  o.e.b.c.i.u.g.PublishedGradleVersions - Gradle version information cache is up-to-date. Trying to read.
